2021-05-31 16:23:09.422 [main] DEBUG org.mybatis.spring.mapper.ClassPathMapperScanner - Identified candidate component class: file [E:\Documents\cpt204\demo\target\classes\com\example\demo\mapper\ProductMapper.class]
2021-05-31 16:23:09.424 [main] DEBUG org.mybatis.spring.mapper.ClassPathMapperScanner - Identified candidate component class: file [E:\Documents\cpt204\demo\target\classes\com\example\demo\mapper\StaffMapper.class]
2021-05-31 16:23:09.425 [main] DEBUG org.mybatis.spring.mapper.ClassPathMapperScanner - Creating MapperFactoryBean with name 'productMapper' and 'com.example.demo.mapper.ProductMapper' mapperInterface
2021-05-31 16:23:09.425 [main] DEBUG org.mybatis.spring.mapper.ClassPathMapperScanner - Enabling autowire by type for MapperFactoryBean with name 'productMapper'.
2021-05-31 16:23:09.426 [main] DEBUG org.mybatis.spring.mapper.ClassPathMapperScanner - Creating MapperFactoryBean with name 'staffMapper' and 'com.example.demo.mapper.StaffMapper' mapperInterface
2021-05-31 16:23:09.426 [main] DEBUG org.mybatis.spring.mapper.ClassPathMapperScanner - Enabling autowire by type for MapperFactoryBean with name 'staffMapper'.
2021-05-31 16:23:39.328 [main] DEBUG org.mybatis.spring.mapper.ClassPathMapperScanner - Identified candidate component class: file [E:\Documents\cpt204\demo\target\classes\com\example\demo\mapper\ProductMapper.class]
2021-05-31 16:23:39.329 [main] DEBUG org.mybatis.spring.mapper.ClassPathMapperScanner - Identified candidate component class: file [E:\Documents\cpt204\demo\target\classes\com\example\demo\mapper\StaffMapper.class]
2021-05-31 16:23:39.330 [main] DEBUG org.mybatis.spring.mapper.ClassPathMapperScanner - Creating MapperFactoryBean with name 'productMapper' and 'com.example.demo.mapper.ProductMapper' mapperInterface
2021-05-31 16:23:39.330 [main] DEBUG org.mybatis.spring.mapper.ClassPathMapperScanner - Enabling autowire by type for MapperFactoryBean with name 'productMapper'.
2021-05-31 16:23:39.331 [main] DEBUG org.mybatis.spring.mapper.ClassPathMapperScanner - Creating MapperFactoryBean with name 'staffMapper' and 'com.example.demo.mapper.StaffMapper' mapperInterface
2021-05-31 16:23:39.331 [main] DEBUG org.mybatis.spring.mapper.ClassPathMapperScanner - Enabling autowire by type for MapperFactoryBean with name 'staffMapper'.
2021-05-31 18:19:04.294 [main] DEBUG org.mybatis.spring.mapper.ClassPathMapperScanner - Identified candidate component class: file [E:\Documents\cpt204\demo\target\classes\com\example\demo\mapper\ProductMapper.class]
2021-05-31 18:19:04.295 [main] DEBUG org.mybatis.spring.mapper.ClassPathMapperScanner - Identified candidate component class: file [E:\Documents\cpt204\demo\target\classes\com\example\demo\mapper\StaffMapper.class]
2021-05-31 18:19:04.296 [main] DEBUG org.mybatis.spring.mapper.ClassPathMapperScanner - Creating MapperFactoryBean with name 'productMapper' and 'com.example.demo.mapper.ProductMapper' mapperInterface
2021-05-31 18:19:04.297 [main] DEBUG org.mybatis.spring.mapper.ClassPathMapperScanner - Enabling autowire by type for MapperFactoryBean with name 'productMapper'.
2021-05-31 18:19:04.297 [main] DEBUG org.mybatis.spring.mapper.ClassPathMapperScanner - Creating MapperFactoryBean with name 'staffMapper' and 'com.example.demo.mapper.StaffMapper' mapperInterface
2021-05-31 18:19:04.297 [main] DEBUG org.mybatis.spring.mapper.ClassPathMapperScanner - Enabling autowire by type for MapperFactoryBean with name 'staffMapper'.
2021-05-31 18:21:09.678 [main] DEBUG org.mybatis.spring.mapper.ClassPathMapperScanner - Identified candidate component class: file [E:\Documents\cpt204\demo\target\classes\com\example\demo\mapper\ProductMapper.class]
2021-05-31 18:21:09.678 [main] DEBUG org.mybatis.spring.mapper.ClassPathMapperScanner - Identified candidate component class: file [E:\Documents\cpt204\demo\target\classes\com\example\demo\mapper\StaffMapper.class]
2021-05-31 18:21:09.679 [main] DEBUG org.mybatis.spring.mapper.ClassPathMapperScanner - Creating MapperFactoryBean with name 'productMapper' and 'com.example.demo.mapper.ProductMapper' mapperInterface
2021-05-31 18:21:09.680 [main] DEBUG org.mybatis.spring.mapper.ClassPathMapperScanner - Enabling autowire by type for MapperFactoryBean with name 'productMapper'.
2021-05-31 18:21:09.681 [main] DEBUG org.mybatis.spring.mapper.ClassPathMapperScanner - Creating MapperFactoryBean with name 'staffMapper' and 'com.example.demo.mapper.StaffMapper' mapperInterface
2021-05-31 18:21:09.681 [main] DEBUG org.mybatis.spring.mapper.ClassPathMapperScanner - Enabling autowire by type for MapperFactoryBean with name 'staffMapper'.
2021-05-31 18:21:20.544 [http-nio-8080-exec-5] DEBUG org.mybatis.spring.SqlSessionUtils - Creating a new SqlSession
2021-05-31 18:21:20.553 [http-nio-8080-exec-5] DEBUG org.mybatis.spring.SqlSessionUtils - SqlSession [org.apache.ibatis.session.defaults.DefaultSqlSession@786e3c3a] was not registered for synchronization because synchronization is not active
2021-05-31 18:21:20.627 [http-nio-8080-exec-5] DEBUG o.m.spring.transaction.SpringManagedTransaction - JDBC Connection [com.alibaba.druid.proxy.jdbc.ConnectionProxyImpl@3fcd5da9] will not be managed by Spring
2021-05-31 18:21:20.832 [http-nio-8080-exec-5] DEBUG org.mybatis.spring.SqlSessionUtils - Closing non transactional SqlSession [org.apache.ibatis.session.defaults.DefaultSqlSession@786e3c3a]
2021-05-31 18:22:00.305 [http-nio-8080-exec-7] DEBUG org.mybatis.spring.SqlSessionUtils - Creating a new SqlSession
2021-05-31 18:22:00.305 [http-nio-8080-exec-7] DEBUG org.mybatis.spring.SqlSessionUtils - SqlSession [org.apache.ibatis.session.defaults.DefaultSqlSession@4785a79f] was not registered for synchronization because synchronization is not active
2021-05-31 18:22:00.306 [http-nio-8080-exec-7] DEBUG o.m.spring.transaction.SpringManagedTransaction - JDBC Connection [com.alibaba.druid.proxy.jdbc.ConnectionProxyImpl@3fcd5da9] will not be managed by Spring
2021-05-31 18:22:00.317 [http-nio-8080-exec-7] DEBUG org.mybatis.spring.SqlSessionUtils - Closing non transactional SqlSession [org.apache.ibatis.session.defaults.DefaultSqlSession@4785a79f]
2021-05-31 18:22:39.309 [http-nio-8080-exec-8] DEBUG org.mybatis.spring.SqlSessionUtils - Creating a new SqlSession
2021-05-31 18:22:39.310 [http-nio-8080-exec-8] DEBUG org.mybatis.spring.SqlSessionUtils - SqlSession [org.apache.ibatis.session.defaults.DefaultSqlSession@dfc8b56] was not registered for synchronization because synchronization is not active
2021-05-31 18:22:39.310 [http-nio-8080-exec-8] DEBUG o.m.spring.transaction.SpringManagedTransaction - JDBC Connection [com.alibaba.druid.proxy.jdbc.ConnectionProxyImpl@3fcd5da9] will not be managed by Spring
2021-05-31 18:22:39.322 [http-nio-8080-exec-8] DEBUG org.mybatis.spring.SqlSessionUtils - Closing non transactional SqlSession [org.apache.ibatis.session.defaults.DefaultSqlSession@dfc8b56]
2021-05-31 18:23:01.274 [main] DEBUG org.mybatis.spring.mapper.ClassPathMapperScanner - Identified candidate component class: file [E:\Documents\cpt204\demo\target\classes\com\example\demo\mapper\ProductMapper.class]
2021-05-31 18:23:01.275 [main] DEBUG org.mybatis.spring.mapper.ClassPathMapperScanner - Identified candidate component class: file [E:\Documents\cpt204\demo\target\classes\com\example\demo\mapper\StaffMapper.class]
2021-05-31 18:23:01.277 [main] DEBUG org.mybatis.spring.mapper.ClassPathMapperScanner - Creating MapperFactoryBean with name 'productMapper' and 'com.example.demo.mapper.ProductMapper' mapperInterface
2021-05-31 18:23:01.277 [main] DEBUG org.mybatis.spring.mapper.ClassPathMapperScanner - Enabling autowire by type for MapperFactoryBean with name 'productMapper'.
2021-05-31 18:23:01.277 [main] DEBUG org.mybatis.spring.mapper.ClassPathMapperScanner - Creating MapperFactoryBean with name 'staffMapper' and 'com.example.demo.mapper.StaffMapper' mapperInterface
2021-05-31 18:23:01.277 [main] DEBUG org.mybatis.spring.mapper.ClassPathMapperScanner - Enabling autowire by type for MapperFactoryBean with name 'staffMapper'.
2021-05-31 18:23:07.752 [http-nio-8080-exec-1] DEBUG org.mybatis.spring.SqlSessionUtils - Creating a new SqlSession
2021-05-31 18:23:07.760 [http-nio-8080-exec-1] DEBUG org.mybatis.spring.SqlSessionUtils - SqlSession [org.apache.ibatis.session.defaults.DefaultSqlSession@2f23ac66] was not registered for synchronization because synchronization is not active
2021-05-31 18:23:07.821 [http-nio-8080-exec-1] DEBUG o.m.spring.transaction.SpringManagedTransaction - JDBC Connection [com.alibaba.druid.proxy.jdbc.ConnectionProxyImpl@4b705134] will not be managed by Spring
2021-05-31 18:23:08.015 [http-nio-8080-exec-1] DEBUG org.mybatis.spring.SqlSessionUtils - Closing non transactional SqlSession [org.apache.ibatis.session.defaults.DefaultSqlSession@2f23ac66]
2021-05-31 18:23:11.378 [http-nio-8080-exec-2] DEBUG org.mybatis.spring.SqlSessionUtils - Creating a new SqlSession
2021-05-31 18:23:11.378 [http-nio-8080-exec-2] DEBUG org.mybatis.spring.SqlSessionUtils - SqlSession [org.apache.ibatis.session.defaults.DefaultSqlSession@7e8f6cd8] was not registered for synchronization because synchronization is not active
2021-05-31 18:23:11.378 [http-nio-8080-exec-2] DEBUG o.m.spring.transaction.SpringManagedTransaction - JDBC Connection [com.alibaba.druid.proxy.jdbc.ConnectionProxyImpl@4b705134] will not be managed by Spring
2021-05-31 18:23:11.392 [http-nio-8080-exec-2] DEBUG org.mybatis.spring.SqlSessionUtils - Closing non transactional SqlSession [org.apache.ibatis.session.defaults.DefaultSqlSession@7e8f6cd8]
2021-05-31 18:23:14.258 [http-nio-8080-exec-3] DEBUG org.mybatis.spring.SqlSessionUtils - Creating a new SqlSession
2021-05-31 18:23:14.259 [http-nio-8080-exec-3] DEBUG org.mybatis.spring.SqlSessionUtils - SqlSession [org.apache.ibatis.session.defaults.DefaultSqlSession@157d6f42] was not registered for synchronization because synchronization is not active
2021-05-31 18:23:14.260 [http-nio-8080-exec-3] DEBUG o.m.spring.transaction.SpringManagedTransaction - JDBC Connection [com.alibaba.druid.proxy.jdbc.ConnectionProxyImpl@4b705134] will not be managed by Spring
2021-05-31 18:23:14.273 [http-nio-8080-exec-3] DEBUG org.mybatis.spring.SqlSessionUtils - Closing non transactional SqlSession [org.apache.ibatis.session.defaults.DefaultSqlSession@157d6f42]
2021-05-31 18:25:03.333 [main] DEBUG org.mybatis.spring.mapper.ClassPathMapperScanner - Identified candidate component class: file [E:\Documents\cpt204\demo\target\classes\com\example\demo\mapper\ProductMapper.class]
2021-05-31 18:25:03.333 [main] DEBUG org.mybatis.spring.mapper.ClassPathMapperScanner - Identified candidate component class: file [E:\Documents\cpt204\demo\target\classes\com\example\demo\mapper\StaffMapper.class]
2021-05-31 18:25:03.335 [main] DEBUG org.mybatis.spring.mapper.ClassPathMapperScanner - Creating MapperFactoryBean with name 'productMapper' and 'com.example.demo.mapper.ProductMapper' mapperInterface
2021-05-31 18:25:03.336 [main] DEBUG org.mybatis.spring.mapper.ClassPathMapperScanner - Enabling autowire by type for MapperFactoryBean with name 'productMapper'.
2021-05-31 18:25:03.336 [main] DEBUG org.mybatis.spring.mapper.ClassPathMapperScanner - Creating MapperFactoryBean with name 'staffMapper' and 'com.example.demo.mapper.StaffMapper' mapperInterface
2021-05-31 18:25:03.336 [main] DEBUG org.mybatis.spring.mapper.ClassPathMapperScanner - Enabling autowire by type for MapperFactoryBean with name 'staffMapper'.
2021-05-31 18:25:06.703 [http-nio-8080-exec-1] DEBUG org.mybatis.spring.SqlSessionUtils - Creating a new SqlSession
2021-05-31 18:25:06.711 [http-nio-8080-exec-1] DEBUG org.mybatis.spring.SqlSessionUtils - SqlSession [org.apache.ibatis.session.defaults.DefaultSqlSession@7241ee60] was not registered for synchronization because synchronization is not active
2021-05-31 18:25:06.770 [http-nio-8080-exec-1] DEBUG o.m.spring.transaction.SpringManagedTransaction - JDBC Connection [com.alibaba.druid.proxy.jdbc.ConnectionProxyImpl@3ca397ea] will not be managed by Spring
2021-05-31 18:25:06.958 [http-nio-8080-exec-1] DEBUG org.mybatis.spring.SqlSessionUtils - Closing non transactional SqlSession [org.apache.ibatis.session.defaults.DefaultSqlSession@7241ee60]
2021-05-31 18:25:10.321 [http-nio-8080-exec-2] DEBUG org.mybatis.spring.SqlSessionUtils - Creating a new SqlSession
2021-05-31 18:25:10.322 [http-nio-8080-exec-2] DEBUG org.mybatis.spring.SqlSessionUtils - SqlSession [org.apache.ibatis.session.defaults.DefaultSqlSession@46314444] was not registered for synchronization because synchronization is not active
2021-05-31 18:25:10.322 [http-nio-8080-exec-2] DEBUG o.m.spring.transaction.SpringManagedTransaction - JDBC Connection [com.alibaba.druid.proxy.jdbc.ConnectionProxyImpl@3ca397ea] will not be managed by Spring
2021-05-31 18:25:10.335 [http-nio-8080-exec-2] DEBUG org.mybatis.spring.SqlSessionUtils - Closing non transactional SqlSession [org.apache.ibatis.session.defaults.DefaultSqlSession@46314444]
2021-05-31 18:26:50.186 [main] DEBUG org.mybatis.spring.mapper.ClassPathMapperScanner - Identified candidate component class: file [E:\Documents\cpt204\demo\target\classes\com\example\demo\mapper\ProductMapper.class]
2021-05-31 18:26:50.186 [main] DEBUG org.mybatis.spring.mapper.ClassPathMapperScanner - Identified candidate component class: file [E:\Documents\cpt204\demo\target\classes\com\example\demo\mapper\StaffMapper.class]
2021-05-31 18:26:50.188 [main] DEBUG org.mybatis.spring.mapper.ClassPathMapperScanner - Creating MapperFactoryBean with name 'productMapper' and 'com.example.demo.mapper.ProductMapper' mapperInterface
2021-05-31 18:26:50.189 [main] DEBUG org.mybatis.spring.mapper.ClassPathMapperScanner - Enabling autowire by type for MapperFactoryBean with name 'productMapper'.
2021-05-31 18:26:50.190 [main] DEBUG org.mybatis.spring.mapper.ClassPathMapperScanner - Creating MapperFactoryBean with name 'staffMapper' and 'com.example.demo.mapper.StaffMapper' mapperInterface
2021-05-31 18:26:50.190 [main] DEBUG org.mybatis.spring.mapper.ClassPathMapperScanner - Enabling autowire by type for MapperFactoryBean with name 'staffMapper'.
2021-05-31 18:26:58.428 [http-nio-8080-exec-2] DEBUG org.mybatis.spring.SqlSessionUtils - Creating a new SqlSession
2021-05-31 18:26:58.438 [http-nio-8080-exec-2] DEBUG org.mybatis.spring.SqlSessionUtils - SqlSession [org.apache.ibatis.session.defaults.DefaultSqlSession@514aabd9] was not registered for synchronization because synchronization is not active
2021-05-31 18:26:58.508 [http-nio-8080-exec-2] DEBUG o.m.spring.transaction.SpringManagedTransaction - JDBC Connection [com.alibaba.druid.proxy.jdbc.ConnectionProxyImpl@731a9d0] will not be managed by Spring
2021-05-31 18:26:58.713 [http-nio-8080-exec-2] DEBUG org.mybatis.spring.SqlSessionUtils - Closing non transactional SqlSession [org.apache.ibatis.session.defaults.DefaultSqlSession@514aabd9]
2021-05-31 18:26:58.713 [http-nio-8080-exec-2] DEBUG org.mybatis.spring.SqlSessionUtils - Creating a new SqlSession
2021-05-31 18:26:58.713 [http-nio-8080-exec-2] DEBUG org.mybatis.spring.SqlSessionUtils - SqlSession [org.apache.ibatis.session.defaults.DefaultSqlSession@580c698e] was not registered for synchronization because synchronization is not active
2021-05-31 18:26:58.714 [http-nio-8080-exec-2] DEBUG o.m.spring.transaction.SpringManagedTransaction - JDBC Connection [com.alibaba.druid.proxy.jdbc.ConnectionProxyImpl@731a9d0] will not be managed by Spring
2021-05-31 18:26:58.724 [http-nio-8080-exec-2] DEBUG org.mybatis.spring.SqlSessionUtils - Closing non transactional SqlSession [org.apache.ibatis.session.defaults.DefaultSqlSession@580c698e]
2021-05-31 18:31:04.765 [main] DEBUG org.mybatis.spring.mapper.ClassPathMapperScanner - Identified candidate component class: file [E:\Documents\cpt204\demo\target\classes\com\example\demo\mapper\ProductMapper.class]
2021-05-31 18:31:04.765 [main] DEBUG org.mybatis.spring.mapper.ClassPathMapperScanner - Identified candidate component class: file [E:\Documents\cpt204\demo\target\classes\com\example\demo\mapper\StaffMapper.class]
2021-05-31 18:31:04.766 [main] DEBUG org.mybatis.spring.mapper.ClassPathMapperScanner - Creating MapperFactoryBean with name 'productMapper' and 'com.example.demo.mapper.ProductMapper' mapperInterface
2021-05-31 18:31:04.767 [main] DEBUG org.mybatis.spring.mapper.ClassPathMapperScanner - Enabling autowire by type for MapperFactoryBean with name 'productMapper'.
2021-05-31 18:31:04.767 [main] DEBUG org.mybatis.spring.mapper.ClassPathMapperScanner - Creating MapperFactoryBean with name 'staffMapper' and 'com.example.demo.mapper.StaffMapper' mapperInterface
2021-05-31 18:31:04.767 [main] DEBUG org.mybatis.spring.mapper.ClassPathMapperScanner - Enabling autowire by type for MapperFactoryBean with name 'staffMapper'.
2021-05-31 18:31:12.152 [http-nio-8080-exec-2] DEBUG org.mybatis.spring.SqlSessionUtils - Creating a new SqlSession
2021-05-31 18:31:12.161 [http-nio-8080-exec-2] DEBUG org.mybatis.spring.SqlSessionUtils - SqlSession [org.apache.ibatis.session.defaults.DefaultSqlSession@7aacb7fd] was not registered for synchronization because synchronization is not active
2021-05-31 18:31:12.238 [http-nio-8080-exec-2] DEBUG o.m.spring.transaction.SpringManagedTransaction - JDBC Connection [com.alibaba.druid.proxy.jdbc.ConnectionProxyImpl@478de9fe] will not be managed by Spring
2021-05-31 18:31:12.447 [http-nio-8080-exec-2] DEBUG org.mybatis.spring.SqlSessionUtils - Closing non transactional SqlSession [org.apache.ibatis.session.defaults.DefaultSqlSession@7aacb7fd]
2021-05-31 18:31:12.449 [http-nio-8080-exec-2] DEBUG org.mybatis.spring.SqlSessionUtils - Creating a new SqlSession
2021-05-31 18:31:12.449 [http-nio-8080-exec-2] DEBUG org.mybatis.spring.SqlSessionUtils - SqlSession [org.apache.ibatis.session.defaults.DefaultSqlSession@5ae27950] was not registered for synchronization because synchronization is not active
2021-05-31 18:31:12.449 [http-nio-8080-exec-2] DEBUG o.m.spring.transaction.SpringManagedTransaction - JDBC Connection [com.alibaba.druid.proxy.jdbc.ConnectionProxyImpl@478de9fe] will not be managed by Spring
2021-05-31 18:31:12.459 [http-nio-8080-exec-2] DEBUG org.mybatis.spring.SqlSessionUtils - Closing non transactional SqlSession [org.apache.ibatis.session.defaults.DefaultSqlSession@5ae27950]
2021-05-31 18:31:15.903 [http-nio-8080-exec-4] DEBUG org.mybatis.spring.SqlSessionUtils - Creating a new SqlSession
2021-05-31 18:31:15.904 [http-nio-8080-exec-4] DEBUG org.mybatis.spring.SqlSessionUtils - SqlSession [org.apache.ibatis.session.defaults.DefaultSqlSession@70de2685] was not registered for synchronization because synchronization is not active
2021-05-31 18:31:15.905 [http-nio-8080-exec-4] DEBUG o.m.spring.transaction.SpringManagedTransaction - JDBC Connection [com.alibaba.druid.proxy.jdbc.ConnectionProxyImpl@478de9fe] will not be managed by Spring
2021-05-31 18:31:15.917 [http-nio-8080-exec-4] DEBUG org.mybatis.spring.SqlSessionUtils - Closing non transactional SqlSession [org.apache.ibatis.session.defaults.DefaultSqlSession@70de2685]
2021-05-31 18:31:15.918 [http-nio-8080-exec-4] DEBUG org.mybatis.spring.SqlSessionUtils - Creating a new SqlSession
2021-05-31 18:31:15.918 [http-nio-8080-exec-4] DEBUG org.mybatis.spring.SqlSessionUtils - SqlSession [org.apache.ibatis.session.defaults.DefaultSqlSession@31e32cbe] was not registered for synchronization because synchronization is not active
2021-05-31 18:31:15.919 [http-nio-8080-exec-4] DEBUG o.m.spring.transaction.SpringManagedTransaction - JDBC Connection [com.alibaba.druid.proxy.jdbc.ConnectionProxyImpl@478de9fe] will not be managed by Spring
2021-05-31 18:31:15.929 [http-nio-8080-exec-4] DEBUG org.mybatis.spring.SqlSessionUtils - Closing non transactional SqlSession [org.apache.ibatis.session.defaults.DefaultSqlSession@31e32cbe]
2021-05-31 18:31:15.932 [http-nio-8080-exec-4] DEBUG org.mybatis.spring.SqlSessionUtils - Creating a new SqlSession
2021-05-31 18:31:15.932 [http-nio-8080-exec-4] DEBUG org.mybatis.spring.SqlSessionUtils - SqlSession [org.apache.ibatis.session.defaults.DefaultSqlSession@3d275c45] was not registered for synchronization because synchronization is not active
2021-05-31 18:31:15.932 [http-nio-8080-exec-4] DEBUG o.m.spring.transaction.SpringManagedTransaction - JDBC Connection [com.alibaba.druid.proxy.jdbc.ConnectionProxyImpl@478de9fe] will not be managed by Spring
2021-05-31 18:31:15.945 [http-nio-8080-exec-4] DEBUG org.mybatis.spring.SqlSessionUtils - Closing non transactional SqlSession [org.apache.ibatis.session.defaults.DefaultSqlSession@3d275c45]
2021-05-31 18:50:18.025 [main] DEBUG org.mybatis.spring.mapper.ClassPathMapperScanner - Identified candidate component class: file [E:\Documents\cpt204\demo\target\classes\com\example\demo\mapper\ProductMapper.class]
2021-05-31 18:50:18.025 [main] DEBUG org.mybatis.spring.mapper.ClassPathMapperScanner - Identified candidate component class: file [E:\Documents\cpt204\demo\target\classes\com\example\demo\mapper\StaffMapper.class]
2021-05-31 18:50:18.027 [main] DEBUG org.mybatis.spring.mapper.ClassPathMapperScanner - Creating MapperFactoryBean with name 'productMapper' and 'com.example.demo.mapper.ProductMapper' mapperInterface
2021-05-31 18:50:18.027 [main] DEBUG org.mybatis.spring.mapper.ClassPathMapperScanner - Enabling autowire by type for MapperFactoryBean with name 'productMapper'.
2021-05-31 18:50:18.027 [main] DEBUG org.mybatis.spring.mapper.ClassPathMapperScanner - Creating MapperFactoryBean with name 'staffMapper' and 'com.example.demo.mapper.StaffMapper' mapperInterface
2021-05-31 18:50:18.028 [main] DEBUG org.mybatis.spring.mapper.ClassPathMapperScanner - Enabling autowire by type for MapperFactoryBean with name 'staffMapper'.
2021-05-31 18:50:38.153 [http-nio-8080-exec-3] DEBUG org.mybatis.spring.SqlSessionUtils - Creating a new SqlSession
2021-05-31 18:50:38.163 [http-nio-8080-exec-3] DEBUG org.mybatis.spring.SqlSessionUtils - SqlSession [org.apache.ibatis.session.defaults.DefaultSqlSession@3f731201] was not registered for synchronization because synchronization is not active
2021-05-31 18:50:38.176 [http-nio-8080-exec-3] DEBUG o.m.spring.transaction.SpringManagedTransaction - JDBC Connection [com.alibaba.druid.proxy.jdbc.ConnectionProxyImpl@5ddec4c9] will not be managed by Spring
2021-05-31 18:50:38.391 [http-nio-8080-exec-3] DEBUG org.mybatis.spring.SqlSessionUtils - Closing non transactional SqlSession [org.apache.ibatis.session.defaults.DefaultSqlSession@3f731201]
2021-05-31 18:50:38.391 [http-nio-8080-exec-3] DEBUG org.mybatis.spring.SqlSessionUtils - Creating a new SqlSession
2021-05-31 18:50:38.392 [http-nio-8080-exec-3] DEBUG org.mybatis.spring.SqlSessionUtils - SqlSession [org.apache.ibatis.session.defaults.DefaultSqlSession@17583058] was not registered for synchronization because synchronization is not active
2021-05-31 18:50:38.392 [http-nio-8080-exec-3] DEBUG o.m.spring.transaction.SpringManagedTransaction - JDBC Connection [com.alibaba.druid.proxy.jdbc.ConnectionProxyImpl@5ddec4c9] will not be managed by Spring
2021-05-31 18:50:38.407 [http-nio-8080-exec-3] DEBUG org.mybatis.spring.SqlSessionUtils - Closing non transactional SqlSession [org.apache.ibatis.session.defaults.DefaultSqlSession@17583058]
2021-05-31 18:59:50.195 [main] DEBUG org.mybatis.spring.mapper.ClassPathMapperScanner - Identified candidate component class: file [E:\Documents\cpt204\demo\target\classes\com\example\demo\mapper\ProductMapper.class]
2021-05-31 18:59:50.195 [main] DEBUG org.mybatis.spring.mapper.ClassPathMapperScanner - Identified candidate component class: file [E:\Documents\cpt204\demo\target\classes\com\example\demo\mapper\StaffMapper.class]
2021-05-31 18:59:50.197 [main] DEBUG org.mybatis.spring.mapper.ClassPathMapperScanner - Creating MapperFactoryBean with name 'productMapper' and 'com.example.demo.mapper.ProductMapper' mapperInterface
2021-05-31 18:59:50.197 [main] DEBUG org.mybatis.spring.mapper.ClassPathMapperScanner - Enabling autowire by type for MapperFactoryBean with name 'productMapper'.
2021-05-31 18:59:50.198 [main] DEBUG org.mybatis.spring.mapper.ClassPathMapperScanner - Creating MapperFactoryBean with name 'staffMapper' and 'com.example.demo.mapper.StaffMapper' mapperInterface
2021-05-31 18:59:50.198 [main] DEBUG org.mybatis.spring.mapper.ClassPathMapperScanner - Enabling autowire by type for MapperFactoryBean with name 'staffMapper'.
2021-05-31 19:00:12.794 [http-nio-8080-exec-5] DEBUG org.mybatis.spring.SqlSessionUtils - Creating a new SqlSession
2021-05-31 19:00:12.805 [http-nio-8080-exec-5] DEBUG org.mybatis.spring.SqlSessionUtils - SqlSession [org.apache.ibatis.session.defaults.DefaultSqlSession@4d3bd6ae] was not registered for synchronization because synchronization is not active
2021-05-31 19:00:12.815 [http-nio-8080-exec-5] DEBUG o.m.spring.transaction.SpringManagedTransaction - JDBC Connection [com.alibaba.druid.proxy.jdbc.ConnectionProxyImpl@160fc7c] will not be managed by Spring
2021-05-31 19:00:13.042 [http-nio-8080-exec-5] DEBUG org.mybatis.spring.SqlSessionUtils - Closing non transactional SqlSession [org.apache.ibatis.session.defaults.DefaultSqlSession@4d3bd6ae]
2021-05-31 19:00:13.043 [http-nio-8080-exec-5] DEBUG org.mybatis.spring.SqlSessionUtils - Creating a new SqlSession
2021-05-31 19:00:13.043 [http-nio-8080-exec-5] DEBUG org.mybatis.spring.SqlSessionUtils - SqlSession [org.apache.ibatis.session.defaults.DefaultSqlSession@570b8659] was not registered for synchronization because synchronization is not active
2021-05-31 19:00:13.043 [http-nio-8080-exec-5] DEBUG o.m.spring.transaction.SpringManagedTransaction - JDBC Connection [com.alibaba.druid.proxy.jdbc.ConnectionProxyImpl@160fc7c] will not be managed by Spring
2021-05-31 19:00:13.056 [http-nio-8080-exec-5] DEBUG org.mybatis.spring.SqlSessionUtils - Closing non transactional SqlSession [org.apache.ibatis.session.defaults.DefaultSqlSession@570b8659]
2021-05-31 19:02:14.224 [main] DEBUG org.mybatis.spring.mapper.ClassPathMapperScanner - Identified candidate component class: file [E:\Documents\cpt204\demo\target\classes\com\example\demo\mapper\ProductMapper.class]
2021-05-31 19:02:14.224 [main] DEBUG org.mybatis.spring.mapper.ClassPathMapperScanner - Identified candidate component class: file [E:\Documents\cpt204\demo\target\classes\com\example\demo\mapper\StaffMapper.class]
2021-05-31 19:02:14.226 [main] DEBUG org.mybatis.spring.mapper.ClassPathMapperScanner - Creating MapperFactoryBean with name 'productMapper' and 'com.example.demo.mapper.ProductMapper' mapperInterface
2021-05-31 19:02:14.226 [main] DEBUG org.mybatis.spring.mapper.ClassPathMapperScanner - Enabling autowire by type for MapperFactoryBean with name 'productMapper'.
2021-05-31 19:02:14.227 [main] DEBUG org.mybatis.spring.mapper.ClassPathMapperScanner - Creating MapperFactoryBean with name 'staffMapper' and 'com.example.demo.mapper.StaffMapper' mapperInterface
2021-05-31 19:02:14.227 [main] DEBUG org.mybatis.spring.mapper.ClassPathMapperScanner - Enabling autowire by type for MapperFactoryBean with name 'staffMapper'.
2021-05-31 19:02:32.356 [http-nio-8080-exec-2] DEBUG org.mybatis.spring.SqlSessionUtils - Creating a new SqlSession
2021-05-31 19:02:32.365 [http-nio-8080-exec-2] DEBUG org.mybatis.spring.SqlSessionUtils - SqlSession [org.apache.ibatis.session.defaults.DefaultSqlSession@72aed669] was not registered for synchronization because synchronization is not active
2021-05-31 19:02:32.378 [http-nio-8080-exec-2] DEBUG o.m.spring.transaction.SpringManagedTransaction - JDBC Connection [com.alibaba.druid.proxy.jdbc.ConnectionProxyImpl@5296791e] will not be managed by Spring
2021-05-31 19:02:32.606 [http-nio-8080-exec-2] DEBUG org.mybatis.spring.SqlSessionUtils - Closing non transactional SqlSession [org.apache.ibatis.session.defaults.DefaultSqlSession@72aed669]
2021-05-31 19:02:32.607 [http-nio-8080-exec-2] DEBUG org.mybatis.spring.SqlSessionUtils - Creating a new SqlSession
2021-05-31 19:02:32.607 [http-nio-8080-exec-2] DEBUG org.mybatis.spring.SqlSessionUtils - SqlSession [org.apache.ibatis.session.defaults.DefaultSqlSession@3ca86e14] was not registered for synchronization because synchronization is not active
2021-05-31 19:02:32.608 [http-nio-8080-exec-2] DEBUG o.m.spring.transaction.SpringManagedTransaction - JDBC Connection [com.alibaba.druid.proxy.jdbc.ConnectionProxyImpl@5296791e] will not be managed by Spring
2021-05-31 19:02:32.621 [http-nio-8080-exec-2] DEBUG org.mybatis.spring.SqlSessionUtils - Closing non transactional SqlSession [org.apache.ibatis.session.defaults.DefaultSqlSession@3ca86e14]
2021-05-31 19:19:40.784 [main] DEBUG org.mybatis.spring.mapper.ClassPathMapperScanner - Identified candidate component class: file [E:\Documents\cpt204\demo\target\classes\com\example\demo\mapper\ProductMapper.class]
2021-05-31 19:19:40.785 [main] DEBUG org.mybatis.spring.mapper.ClassPathMapperScanner - Identified candidate component class: file [E:\Documents\cpt204\demo\target\classes\com\example\demo\mapper\StaffMapper.class]
2021-05-31 19:19:40.786 [main] DEBUG org.mybatis.spring.mapper.ClassPathMapperScanner - Creating MapperFactoryBean with name 'productMapper' and 'com.example.demo.mapper.ProductMapper' mapperInterface
2021-05-31 19:19:40.787 [main] DEBUG org.mybatis.spring.mapper.ClassPathMapperScanner - Enabling autowire by type for MapperFactoryBean with name 'productMapper'.
2021-05-31 19:19:40.788 [main] DEBUG org.mybatis.spring.mapper.ClassPathMapperScanner - Creating MapperFactoryBean with name 'staffMapper' and 'com.example.demo.mapper.StaffMapper' mapperInterface
2021-05-31 19:19:40.788 [main] DEBUG org.mybatis.spring.mapper.ClassPathMapperScanner - Enabling autowire by type for MapperFactoryBean with name 'staffMapper'.
2021-05-31 19:19:50.728 [http-nio-8080-exec-2] DEBUG org.mybatis.spring.SqlSessionUtils - Creating a new SqlSession
2021-05-31 19:19:50.739 [http-nio-8080-exec-2] DEBUG org.mybatis.spring.SqlSessionUtils - SqlSession [org.apache.ibatis.session.defaults.DefaultSqlSession@77210e21] was not registered for synchronization because synchronization is not active
2021-05-31 19:19:50.751 [http-nio-8080-exec-2] DEBUG o.m.spring.transaction.SpringManagedTransaction - JDBC Connection [com.alibaba.druid.proxy.jdbc.ConnectionProxyImpl@75b93357] will not be managed by Spring
2021-05-31 19:19:50.938 [http-nio-8080-exec-2] DEBUG org.mybatis.spring.SqlSessionUtils - Closing non transactional SqlSession [org.apache.ibatis.session.defaults.DefaultSqlSession@77210e21]
2021-05-31 19:19:50.940 [http-nio-8080-exec-2] DEBUG org.mybatis.spring.SqlSessionUtils - Creating a new SqlSession
2021-05-31 19:19:50.940 [http-nio-8080-exec-2] DEBUG org.mybatis.spring.SqlSessionUtils - SqlSession [org.apache.ibatis.session.defaults.DefaultSqlSession@393a63f4] was not registered for synchronization because synchronization is not active
2021-05-31 19:19:50.940 [http-nio-8080-exec-2] DEBUG o.m.spring.transaction.SpringManagedTransaction - JDBC Connection [com.alibaba.druid.proxy.jdbc.ConnectionProxyImpl@75b93357] will not be managed by Spring
2021-05-31 19:19:50.951 [http-nio-8080-exec-2] DEBUG org.mybatis.spring.SqlSessionUtils - Closing non transactional SqlSession [org.apache.ibatis.session.defaults.DefaultSqlSession@393a63f4]
2021-05-31 19:40:32.314 [main] DEBUG org.mybatis.spring.mapper.ClassPathMapperScanner - Identified candidate component class: file [E:\Documents\cpt204\demo\target\classes\com\example\demo\mapper\ProductMapper.class]
2021-05-31 19:40:32.314 [main] DEBUG org.mybatis.spring.mapper.ClassPathMapperScanner - Identified candidate component class: file [E:\Documents\cpt204\demo\target\classes\com\example\demo\mapper\StaffMapper.class]
2021-05-31 19:40:32.315 [main] DEBUG org.mybatis.spring.mapper.ClassPathMapperScanner - Creating MapperFactoryBean with name 'productMapper' and 'com.example.demo.mapper.ProductMapper' mapperInterface
2021-05-31 19:40:32.316 [main] DEBUG org.mybatis.spring.mapper.ClassPathMapperScanner - Enabling autowire by type for MapperFactoryBean with name 'productMapper'.
2021-05-31 19:40:32.317 [main] DEBUG org.mybatis.spring.mapper.ClassPathMapperScanner - Creating MapperFactoryBean with name 'staffMapper' and 'com.example.demo.mapper.StaffMapper' mapperInterface
2021-05-31 19:40:32.317 [main] DEBUG org.mybatis.spring.mapper.ClassPathMapperScanner - Enabling autowire by type for MapperFactoryBean with name 'staffMapper'.
2021-05-31 19:40:47.558 [http-nio-8080-exec-2] DEBUG org.mybatis.spring.SqlSessionUtils - Creating a new SqlSession
2021-05-31 19:40:47.568 [http-nio-8080-exec-2] DEBUG org.mybatis.spring.SqlSessionUtils - SqlSession [org.apache.ibatis.session.defaults.DefaultSqlSession@7ba70fb0] was not registered for synchronization because synchronization is not active
2021-05-31 19:40:47.578 [http-nio-8080-exec-2] DEBUG o.m.spring.transaction.SpringManagedTransaction - JDBC Connection [com.alibaba.druid.proxy.jdbc.ConnectionProxyImpl@41b9af61] will not be managed by Spring
2021-05-31 19:40:47.787 [http-nio-8080-exec-2] DEBUG org.mybatis.spring.SqlSessionUtils - Closing non transactional SqlSession [org.apache.ibatis.session.defaults.DefaultSqlSession@7ba70fb0]
2021-05-31 19:40:47.787 [http-nio-8080-exec-2] DEBUG org.mybatis.spring.SqlSessionUtils - Creating a new SqlSession
2021-05-31 19:40:47.787 [http-nio-8080-exec-2] DEBUG org.mybatis.spring.SqlSessionUtils - SqlSession [org.apache.ibatis.session.defaults.DefaultSqlSession@77487951] was not registered for synchronization because synchronization is not active
2021-05-31 19:40:47.788 [http-nio-8080-exec-2] DEBUG o.m.spring.transaction.SpringManagedTransaction - JDBC Connection [com.alibaba.druid.proxy.jdbc.ConnectionProxyImpl@41b9af61] will not be managed by Spring
2021-05-31 19:40:47.801 [http-nio-8080-exec-2] DEBUG org.mybatis.spring.SqlSessionUtils - Closing non transactional SqlSession [org.apache.ibatis.session.defaults.DefaultSqlSession@77487951]
2021-05-31 19:41:34.708 [http-nio-8080-exec-3] DEBUG org.mybatis.spring.SqlSessionUtils - Creating a new SqlSession
2021-05-31 19:41:34.708 [http-nio-8080-exec-3] DEBUG org.mybatis.spring.SqlSessionUtils - SqlSession [org.apache.ibatis.session.defaults.DefaultSqlSession@209a1b93] was not registered for synchronization because synchronization is not active
2021-05-31 19:41:34.708 [http-nio-8080-exec-3] DEBUG o.m.spring.transaction.SpringManagedTransaction - JDBC Connection [com.alibaba.druid.proxy.jdbc.ConnectionProxyImpl@41b9af61] will not be managed by Spring
2021-05-31 19:41:34.722 [http-nio-8080-exec-3] DEBUG org.mybatis.spring.SqlSessionUtils - Closing non transactional SqlSession [org.apache.ibatis.session.defaults.DefaultSqlSession@209a1b93]
2021-05-31 19:43:41.582 [http-nio-8080-exec-6] DEBUG org.mybatis.spring.SqlSessionUtils - Creating a new SqlSession
2021-05-31 19:43:41.583 [http-nio-8080-exec-6] DEBUG org.mybatis.spring.SqlSessionUtils - SqlSession [org.apache.ibatis.session.defaults.DefaultSqlSession@1b21c27] was not registered for synchronization because synchronization is not active
2021-05-31 19:43:41.717 [http-nio-8080-exec-6] DEBUG o.m.spring.transaction.SpringManagedTransaction - JDBC Connection [com.alibaba.druid.proxy.jdbc.ConnectionProxyImpl@4c3deed3] will not be managed by Spring
2021-05-31 19:43:41.728 [http-nio-8080-exec-6] DEBUG org.mybatis.spring.SqlSessionUtils - Closing non transactional SqlSession [org.apache.ibatis.session.defaults.DefaultSqlSession@1b21c27]
2021-05-31 19:47:26.309 [main] DEBUG org.mybatis.spring.mapper.ClassPathMapperScanner - Identified candidate component class: file [E:\Documents\cpt204\demo\target\classes\com\example\demo\mapper\ProductMapper.class]
2021-05-31 19:47:26.309 [main] DEBUG org.mybatis.spring.mapper.ClassPathMapperScanner - Identified candidate component class: file [E:\Documents\cpt204\demo\target\classes\com\example\demo\mapper\StaffMapper.class]
2021-05-31 19:47:26.311 [main] DEBUG org.mybatis.spring.mapper.ClassPathMapperScanner - Creating MapperFactoryBean with name 'productMapper' and 'com.example.demo.mapper.ProductMapper' mapperInterface
2021-05-31 19:47:26.311 [main] DEBUG org.mybatis.spring.mapper.ClassPathMapperScanner - Enabling autowire by type for MapperFactoryBean with name 'productMapper'.
2021-05-31 19:47:26.312 [main] DEBUG org.mybatis.spring.mapper.ClassPathMapperScanner - Creating MapperFactoryBean with name 'staffMapper' and 'com.example.demo.mapper.StaffMapper' mapperInterface
2021-05-31 19:47:26.312 [main] DEBUG org.mybatis.spring.mapper.ClassPathMapperScanner - Enabling autowire by type for MapperFactoryBean with name 'staffMapper'.
2021-05-31 19:47:35.677 [http-nio-8080-exec-2] DEBUG org.mybatis.spring.SqlSessionUtils - Creating a new SqlSession
2021-05-31 19:47:35.685 [http-nio-8080-exec-2] DEBUG org.mybatis.spring.SqlSessionUtils - SqlSession [org.apache.ibatis.session.defaults.DefaultSqlSession@5af455bd] was not registered for synchronization because synchronization is not active
2021-05-31 19:47:35.697 [http-nio-8080-exec-2] DEBUG o.m.spring.transaction.SpringManagedTransaction - JDBC Connection [com.alibaba.druid.proxy.jdbc.ConnectionProxyImpl@586efa12] will not be managed by Spring
2021-05-31 19:47:35.929 [http-nio-8080-exec-2] DEBUG org.mybatis.spring.SqlSessionUtils - Closing non transactional SqlSession [org.apache.ibatis.session.defaults.DefaultSqlSession@5af455bd]
2021-05-31 19:48:29.834 [http-nio-8080-exec-8] DEBUG org.mybatis.spring.SqlSessionUtils - Creating a new SqlSession
2021-05-31 19:48:29.834 [http-nio-8080-exec-8] DEBUG org.mybatis.spring.SqlSessionUtils - SqlSession [org.apache.ibatis.session.defaults.DefaultSqlSession@302167a0] was not registered for synchronization because synchronization is not active
2021-05-31 19:48:29.835 [http-nio-8080-exec-8] DEBUG o.m.spring.transaction.SpringManagedTransaction - JDBC Connection [com.alibaba.druid.proxy.jdbc.ConnectionProxyImpl@586efa12] will not be managed by Spring
2021-05-31 19:48:29.851 [http-nio-8080-exec-8] DEBUG org.mybatis.spring.SqlSessionUtils - Closing non transactional SqlSession [org.apache.ibatis.session.defaults.DefaultSqlSession@302167a0]
2021-05-31 19:57:55.915 [main] DEBUG org.mybatis.spring.mapper.ClassPathMapperScanner - Identified candidate component class: file [E:\Documents\cpt204\demo\target\classes\com\example\demo\mapper\ProductMapper.class]
2021-05-31 19:57:55.916 [main] DEBUG org.mybatis.spring.mapper.ClassPathMapperScanner - Identified candidate component class: file [E:\Documents\cpt204\demo\target\classes\com\example\demo\mapper\StaffMapper.class]
2021-05-31 19:57:55.917 [main] DEBUG org.mybatis.spring.mapper.ClassPathMapperScanner - Creating MapperFactoryBean with name 'productMapper' and 'com.example.demo.mapper.ProductMapper' mapperInterface
2021-05-31 19:57:55.917 [main] DEBUG org.mybatis.spring.mapper.ClassPathMapperScanner - Enabling autowire by type for MapperFactoryBean with name 'productMapper'.
2021-05-31 19:57:55.918 [main] DEBUG org.mybatis.spring.mapper.ClassPathMapperScanner - Creating MapperFactoryBean with name 'staffMapper' and 'com.example.demo.mapper.StaffMapper' mapperInterface
2021-05-31 19:57:55.919 [main] DEBUG org.mybatis.spring.mapper.ClassPathMapperScanner - Enabling autowire by type for MapperFactoryBean with name 'staffMapper'.
2021-05-31 19:58:11.683 [http-nio-8080-exec-2] DEBUG org.mybatis.spring.SqlSessionUtils - Creating a new SqlSession
2021-05-31 19:58:11.694 [http-nio-8080-exec-2] DEBUG org.mybatis.spring.SqlSessionUtils - SqlSession [org.apache.ibatis.session.defaults.DefaultSqlSession@18f208fc] was not registered for synchronization because synchronization is not active
2021-05-31 19:58:11.708 [http-nio-8080-exec-2] DEBUG o.m.spring.transaction.SpringManagedTransaction - JDBC Connection [com.alibaba.druid.proxy.jdbc.ConnectionProxyImpl@7bb9b0b9] will not be managed by Spring
2021-05-31 19:58:11.912 [http-nio-8080-exec-2] DEBUG org.mybatis.spring.SqlSessionUtils - Closing non transactional SqlSession [org.apache.ibatis.session.defaults.DefaultSqlSession@18f208fc]
2021-05-31 19:58:11.912 [http-nio-8080-exec-2] DEBUG org.mybatis.spring.SqlSessionUtils - Creating a new SqlSession
2021-05-31 19:58:11.912 [http-nio-8080-exec-2] DEBUG org.mybatis.spring.SqlSessionUtils - SqlSession [org.apache.ibatis.session.defaults.DefaultSqlSession@598fa667] was not registered for synchronization because synchronization is not active
2021-05-31 19:58:11.913 [http-nio-8080-exec-2] DEBUG o.m.spring.transaction.SpringManagedTransaction - JDBC Connection [com.alibaba.druid.proxy.jdbc.ConnectionProxyImpl@7bb9b0b9] will not be managed by Spring
2021-05-31 19:58:11.922 [http-nio-8080-exec-2] DEBUG org.mybatis.spring.SqlSessionUtils - Closing non transactional SqlSession [org.apache.ibatis.session.defaults.DefaultSqlSession@598fa667]
2021-05-31 19:58:38.065 [http-nio-8080-exec-4] DEBUG org.mybatis.spring.SqlSessionUtils - Creating a new SqlSession
2021-05-31 19:58:38.065 [http-nio-8080-exec-4] DEBUG org.mybatis.spring.SqlSessionUtils - SqlSession [org.apache.ibatis.session.defaults.DefaultSqlSession@3ba9773c] was not registered for synchronization because synchronization is not active
2021-05-31 19:58:38.066 [http-nio-8080-exec-4] DEBUG o.m.spring.transaction.SpringManagedTransaction - JDBC Connection [com.alibaba.druid.proxy.jdbc.ConnectionProxyImpl@7bb9b0b9] will not be managed by Spring
2021-05-31 19:58:38.076 [http-nio-8080-exec-4] DEBUG org.mybatis.spring.SqlSessionUtils - Closing non transactional SqlSession [org.apache.ibatis.session.defaults.DefaultSqlSession@3ba9773c]
2021-05-31 19:58:38.076 [http-nio-8080-exec-4] DEBUG org.mybatis.spring.SqlSessionUtils - Creating a new SqlSession
2021-05-31 19:58:38.076 [http-nio-8080-exec-4] DEBUG org.mybatis.spring.SqlSessionUtils - SqlSession [org.apache.ibatis.session.defaults.DefaultSqlSession@31511c4c] was not registered for synchronization because synchronization is not active
2021-05-31 19:58:38.077 [http-nio-8080-exec-4] DEBUG o.m.spring.transaction.SpringManagedTransaction - JDBC Connection [com.alibaba.druid.proxy.jdbc.ConnectionProxyImpl@7bb9b0b9] will not be managed by Spring
2021-05-31 19:58:38.085 [http-nio-8080-exec-4] DEBUG org.mybatis.spring.SqlSessionUtils - Closing non transactional SqlSession [org.apache.ibatis.session.defaults.DefaultSqlSession@31511c4c]
2021-05-31 19:59:39.352 [main] DEBUG org.mybatis.spring.mapper.ClassPathMapperScanner - Identified candidate component class: file [E:\Documents\cpt204\demo\target\classes\com\example\demo\mapper\ProductMapper.class]
2021-05-31 19:59:39.352 [main] DEBUG org.mybatis.spring.mapper.ClassPathMapperScanner - Identified candidate component class: file [E:\Documents\cpt204\demo\target\classes\com\example\demo\mapper\StaffMapper.class]
2021-05-31 19:59:39.355 [main] DEBUG org.mybatis.spring.mapper.ClassPathMapperScanner - Creating MapperFactoryBean with name 'productMapper' and 'com.example.demo.mapper.ProductMapper' mapperInterface
2021-05-31 19:59:39.355 [main] DEBUG org.mybatis.spring.mapper.ClassPathMapperScanner - Enabling autowire by type for MapperFactoryBean with name 'productMapper'.
2021-05-31 19:59:39.355 [main] DEBUG org.mybatis.spring.mapper.ClassPathMapperScanner - Creating MapperFactoryBean with name 'staffMapper' and 'com.example.demo.mapper.StaffMapper' mapperInterface
2021-05-31 19:59:39.355 [main] DEBUG org.mybatis.spring.mapper.ClassPathMapperScanner - Enabling autowire by type for MapperFactoryBean with name 'staffMapper'.
2021-05-31 19:59:59.195 [http-nio-8080-exec-3] DEBUG org.mybatis.spring.SqlSessionUtils - Creating a new SqlSession
2021-05-31 19:59:59.204 [http-nio-8080-exec-3] DEBUG org.mybatis.spring.SqlSessionUtils - SqlSession [org.apache.ibatis.session.defaults.DefaultSqlSession@52b07c83] was not registered for synchronization because synchronization is not active
2021-05-31 19:59:59.214 [http-nio-8080-exec-3] DEBUG o.m.spring.transaction.SpringManagedTransaction - JDBC Connection [com.alibaba.druid.proxy.jdbc.ConnectionProxyImpl@2ad968e9] will not be managed by Spring
2021-05-31 19:59:59.415 [http-nio-8080-exec-3] DEBUG org.mybatis.spring.SqlSessionUtils - Closing non transactional SqlSession [org.apache.ibatis.session.defaults.DefaultSqlSession@52b07c83]
2021-05-31 19:59:59.415 [http-nio-8080-exec-3] DEBUG org.mybatis.spring.SqlSessionUtils - Creating a new SqlSession
2021-05-31 19:59:59.415 [http-nio-8080-exec-3] DEBUG org.mybatis.spring.SqlSessionUtils - SqlSession [org.apache.ibatis.session.defaults.DefaultSqlSession@752857e5] was not registered for synchronization because synchronization is not active
2021-05-31 19:59:59.415 [http-nio-8080-exec-3] DEBUG o.m.spring.transaction.SpringManagedTransaction - JDBC Connection [com.alibaba.druid.proxy.jdbc.ConnectionProxyImpl@2ad968e9] will not be managed by Spring
2021-05-31 19:59:59.426 [http-nio-8080-exec-3] DEBUG org.mybatis.spring.SqlSessionUtils - Closing non transactional SqlSession [org.apache.ibatis.session.defaults.DefaultSqlSession@752857e5]
2021-05-31 20:01:23.321 [main] DEBUG org.mybatis.spring.mapper.ClassPathMapperScanner - Identified candidate component class: file [E:\Documents\cpt204\demo\target\classes\com\example\demo\mapper\ProductMapper.class]
2021-05-31 20:01:23.322 [main] DEBUG org.mybatis.spring.mapper.ClassPathMapperScanner - Identified candidate component class: file [E:\Documents\cpt204\demo\target\classes\com\example\demo\mapper\StaffMapper.class]
2021-05-31 20:01:23.323 [main] DEBUG org.mybatis.spring.mapper.ClassPathMapperScanner - Creating MapperFactoryBean with name 'productMapper' and 'com.example.demo.mapper.ProductMapper' mapperInterface
2021-05-31 20:01:23.324 [main] DEBUG org.mybatis.spring.mapper.ClassPathMapperScanner - Enabling autowire by type for MapperFactoryBean with name 'productMapper'.
2021-05-31 20:01:23.324 [main] DEBUG org.mybatis.spring.mapper.ClassPathMapperScanner - Creating MapperFactoryBean with name 'staffMapper' and 'com.example.demo.mapper.StaffMapper' mapperInterface
2021-05-31 20:01:23.324 [main] DEBUG org.mybatis.spring.mapper.ClassPathMapperScanner - Enabling autowire by type for MapperFactoryBean with name 'staffMapper'.
2021-05-31 20:01:44.744 [http-nio-8080-exec-3] DEBUG org.mybatis.spring.SqlSessionUtils - Creating a new SqlSession
2021-05-31 20:01:44.754 [http-nio-8080-exec-3] DEBUG org.mybatis.spring.SqlSessionUtils - SqlSession [org.apache.ibatis.session.defaults.DefaultSqlSession@747ca175] was not registered for synchronization because synchronization is not active
2021-05-31 20:01:44.765 [http-nio-8080-exec-3] DEBUG o.m.spring.transaction.SpringManagedTransaction - JDBC Connection [com.alibaba.druid.proxy.jdbc.ConnectionProxyImpl@2f75b123] will not be managed by Spring
2021-05-31 20:01:44.970 [http-nio-8080-exec-3] DEBUG org.mybatis.spring.SqlSessionUtils - Closing non transactional SqlSession [org.apache.ibatis.session.defaults.DefaultSqlSession@747ca175]
2021-05-31 20:01:44.976 [http-nio-8080-exec-3] DEBUG org.mybatis.spring.SqlSessionUtils - Creating a new SqlSession
2021-05-31 20:01:44.976 [http-nio-8080-exec-3] DEBUG org.mybatis.spring.SqlSessionUtils - SqlSession [org.apache.ibatis.session.defaults.DefaultSqlSession@6d9d70c4] was not registered for synchronization because synchronization is not active
2021-05-31 20:01:44.977 [http-nio-8080-exec-3] DEBUG o.m.spring.transaction.SpringManagedTransaction - JDBC Connection [com.alibaba.druid.proxy.jdbc.ConnectionProxyImpl@2f75b123] will not be managed by Spring
2021-05-31 20:01:44.989 [http-nio-8080-exec-3] DEBUG org.mybatis.spring.SqlSessionUtils - Closing non transactional SqlSession [org.apache.ibatis.session.defaults.DefaultSqlSession@6d9d70c4]
2021-05-31 20:01:44.989 [http-nio-8080-exec-3] DEBUG org.mybatis.spring.SqlSessionUtils - Creating a new SqlSession
2021-05-31 20:01:44.989 [http-nio-8080-exec-3] DEBUG org.mybatis.spring.SqlSessionUtils - SqlSession [org.apache.ibatis.session.defaults.DefaultSqlSession@61818d3] was not registered for synchronization because synchronization is not active
2021-05-31 20:01:44.989 [http-nio-8080-exec-3] DEBUG o.m.spring.transaction.SpringManagedTransaction - JDBC Connection [com.alibaba.druid.proxy.jdbc.ConnectionProxyImpl@2f75b123] will not be managed by Spring
2021-05-31 20:01:45.001 [http-nio-8080-exec-3] DEBUG org.mybatis.spring.SqlSessionUtils - Closing non transactional SqlSession [org.apache.ibatis.session.defaults.DefaultSqlSession@61818d3]
2021-05-31 20:01:45.001 [http-nio-8080-exec-3] DEBUG org.mybatis.spring.SqlSessionUtils - Creating a new SqlSession
2021-05-31 20:01:45.001 [http-nio-8080-exec-3] DEBUG org.mybatis.spring.SqlSessionUtils - SqlSession [org.apache.ibatis.session.defaults.DefaultSqlSession@55ed05f1] was not registered for synchronization because synchronization is not active
2021-05-31 20:01:45.026 [http-nio-8080-exec-3] DEBUG o.m.spring.transaction.SpringManagedTransaction - JDBC Connection [com.alibaba.druid.proxy.jdbc.ConnectionProxyImpl@2f75b123] will not be managed by Spring
2021-05-31 20:01:45.052 [http-nio-8080-exec-3] DEBUG org.mybatis.spring.SqlSessionUtils - Closing non transactional SqlSession [org.apache.ibatis.session.defaults.DefaultSqlSession@55ed05f1]
2021-05-31 20:01:53.887 [http-nio-8080-exec-6] DEBUG org.mybatis.spring.SqlSessionUtils - Creating a new SqlSession
2021-05-31 20:01:53.888 [http-nio-8080-exec-6] DEBUG org.mybatis.spring.SqlSessionUtils - SqlSession [org.apache.ibatis.session.defaults.DefaultSqlSession@1f604962] was not registered for synchronization because synchronization is not active
2021-05-31 20:01:53.897 [http-nio-8080-exec-6] DEBUG o.m.spring.transaction.SpringManagedTransaction - JDBC Connection [com.alibaba.druid.proxy.jdbc.ConnectionProxyImpl@2f75b123] will not be managed by Spring
2021-05-31 20:01:53.911 [http-nio-8080-exec-6] DEBUG org.mybatis.spring.SqlSessionUtils - Closing non transactional SqlSession [org.apache.ibatis.session.defaults.DefaultSqlSession@1f604962]
2021-05-31 20:06:08.526 [main] DEBUG org.mybatis.spring.mapper.ClassPathMapperScanner - Identified candidate component class: file [E:\Documents\cpt204\demo\target\classes\com\example\demo\mapper\ProductMapper.class]
2021-05-31 20:06:08.526 [main] DEBUG org.mybatis.spring.mapper.ClassPathMapperScanner - Identified candidate component class: file [E:\Documents\cpt204\demo\target\classes\com\example\demo\mapper\StaffMapper.class]
2021-05-31 20:06:08.528 [main] DEBUG org.mybatis.spring.mapper.ClassPathMapperScanner - Creating MapperFactoryBean with name 'productMapper' and 'com.example.demo.mapper.ProductMapper' mapperInterface
2021-05-31 20:06:08.529 [main] DEBUG org.mybatis.spring.mapper.ClassPathMapperScanner - Enabling autowire by type for MapperFactoryBean with name 'productMapper'.
2021-05-31 20:06:08.529 [main] DEBUG org.mybatis.spring.mapper.ClassPathMapperScanner - Creating MapperFactoryBean with name 'staffMapper' and 'com.example.demo.mapper.StaffMapper' mapperInterface
2021-05-31 20:06:08.529 [main] DEBUG org.mybatis.spring.mapper.ClassPathMapperScanner - Enabling autowire by type for MapperFactoryBean with name 'staffMapper'.
2021-05-31 20:06:22.402 [http-nio-8080-exec-2] DEBUG org.mybatis.spring.SqlSessionUtils - Creating a new SqlSession
2021-05-31 20:06:22.413 [http-nio-8080-exec-2] DEBUG org.mybatis.spring.SqlSessionUtils - SqlSession [org.apache.ibatis.session.defaults.DefaultSqlSession@2c1c85e0] was not registered for synchronization because synchronization is not active
2021-05-31 20:06:22.427 [http-nio-8080-exec-2] DEBUG o.m.spring.transaction.SpringManagedTransaction - JDBC Connection [com.alibaba.druid.proxy.jdbc.ConnectionProxyImpl@318486b0] will not be managed by Spring
2021-05-31 20:06:22.648 [http-nio-8080-exec-2] DEBUG org.mybatis.spring.SqlSessionUtils - Closing non transactional SqlSession [org.apache.ibatis.session.defaults.DefaultSqlSession@2c1c85e0]
2021-05-31 20:06:22.654 [http-nio-8080-exec-2] DEBUG org.mybatis.spring.SqlSessionUtils - Creating a new SqlSession
2021-05-31 20:06:22.655 [http-nio-8080-exec-2] DEBUG org.mybatis.spring.SqlSessionUtils - SqlSession [org.apache.ibatis.session.defaults.DefaultSqlSession@17b72a15] was not registered for synchronization because synchronization is not active
2021-05-31 20:06:22.655 [http-nio-8080-exec-2] DEBUG o.m.spring.transaction.SpringManagedTransaction - JDBC Connection [com.alibaba.druid.proxy.jdbc.ConnectionProxyImpl@318486b0] will not be managed by Spring
2021-05-31 20:06:22.667 [http-nio-8080-exec-2] DEBUG org.mybatis.spring.SqlSessionUtils - Closing non transactional SqlSession [org.apache.ibatis.session.defaults.DefaultSqlSession@17b72a15]
2021-05-31 20:06:22.669 [http-nio-8080-exec-2] DEBUG org.mybatis.spring.SqlSessionUtils - Creating a new SqlSession
2021-05-31 20:06:22.669 [http-nio-8080-exec-2] DEBUG org.mybatis.spring.SqlSessionUtils - SqlSession [org.apache.ibatis.session.defaults.DefaultSqlSession@6bb88138] was not registered for synchronization because synchronization is not active
2021-05-31 20:06:22.669 [http-nio-8080-exec-2] DEBUG o.m.spring.transaction.SpringManagedTransaction - JDBC Connection [com.alibaba.druid.proxy.jdbc.ConnectionProxyImpl@318486b0] will not be managed by Spring
2021-05-31 20:06:22.682 [http-nio-8080-exec-2] DEBUG org.mybatis.spring.SqlSessionUtils - Closing non transactional SqlSession [org.apache.ibatis.session.defaults.DefaultSqlSession@6bb88138]
2021-05-31 20:06:22.682 [http-nio-8080-exec-2] DEBUG org.mybatis.spring.SqlSessionUtils - Creating a new SqlSession
2021-05-31 20:06:22.682 [http-nio-8080-exec-2] DEBUG org.mybatis.spring.SqlSessionUtils - SqlSession [org.apache.ibatis.session.defaults.DefaultSqlSession@1f876a42] was not registered for synchronization because synchronization is not active
2021-05-31 20:06:22.711 [http-nio-8080-exec-2] DEBUG o.m.spring.transaction.SpringManagedTransaction - JDBC Connection [com.alibaba.druid.proxy.jdbc.ConnectionProxyImpl@318486b0] will not be managed by Spring
2021-05-31 20:06:22.740 [http-nio-8080-exec-2] DEBUG org.mybatis.spring.SqlSessionUtils - Closing non transactional SqlSession [org.apache.ibatis.session.defaults.DefaultSqlSession@1f876a42]
2021-05-31 20:06:28.624 [http-nio-8080-exec-4] DEBUG org.mybatis.spring.SqlSessionUtils - Creating a new SqlSession
2021-05-31 20:06:28.625 [http-nio-8080-exec-4] DEBUG org.mybatis.spring.SqlSessionUtils - SqlSession [org.apache.ibatis.session.defaults.DefaultSqlSession@79033fa0] was not registered for synchronization because synchronization is not active
2021-05-31 20:06:28.638 [http-nio-8080-exec-4] DEBUG o.m.spring.transaction.SpringManagedTransaction - JDBC Connection [com.alibaba.druid.proxy.jdbc.ConnectionProxyImpl@318486b0] will not be managed by Spring
2021-05-31 20:06:28.656 [http-nio-8080-exec-4] DEBUG org.mybatis.spring.SqlSessionUtils - Closing non transactional SqlSession [org.apache.ibatis.session.defaults.DefaultSqlSession@79033fa0]
2021-05-31 20:06:28.656 [http-nio-8080-exec-4] DEBUG org.mybatis.spring.SqlSessionUtils - Creating a new SqlSession
2021-05-31 20:06:28.656 [http-nio-8080-exec-4] DEBUG org.mybatis.spring.SqlSessionUtils - SqlSession [org.apache.ibatis.session.defaults.DefaultSqlSession@71a70bfe] was not registered for synchronization because synchronization is not active
2021-05-31 20:06:28.658 [http-nio-8080-exec-4] DEBUG o.m.spring.transaction.SpringManagedTransaction - JDBC Connection [com.alibaba.druid.proxy.jdbc.ConnectionProxyImpl@318486b0] will not be managed by Spring
2021-05-31 20:06:28.670 [http-nio-8080-exec-4] DEBUG org.mybatis.spring.SqlSessionUtils - Closing non transactional SqlSession [org.apache.ibatis.session.defaults.DefaultSqlSession@71a70bfe]
2021-05-31 20:07:32.086 [http-nio-8080-exec-3] DEBUG org.mybatis.spring.SqlSessionUtils - Creating a new SqlSession
2021-05-31 20:07:32.086 [http-nio-8080-exec-3] DEBUG org.mybatis.spring.SqlSessionUtils - SqlSession [org.apache.ibatis.session.defaults.DefaultSqlSession@e070b67] was not registered for synchronization because synchronization is not active
2021-05-31 20:07:32.193 [http-nio-8080-exec-3] DEBUG o.m.spring.transaction.SpringManagedTransaction - JDBC Connection [com.alibaba.druid.proxy.jdbc.ConnectionProxyImpl@19581014] will not be managed by Spring
2021-05-31 20:07:32.202 [http-nio-8080-exec-3] DEBUG org.mybatis.spring.SqlSessionUtils - Closing non transactional SqlSession [org.apache.ibatis.session.defaults.DefaultSqlSession@e070b67]
2021-05-31 20:22:19.836 [main] DEBUG org.mybatis.spring.mapper.ClassPathMapperScanner - Identified candidate component class: file [E:\Documents\cpt204\demo\target\classes\com\example\demo\mapper\ProductMapper.class]
2021-05-31 20:22:19.836 [main] DEBUG org.mybatis.spring.mapper.ClassPathMapperScanner - Identified candidate component class: file [E:\Documents\cpt204\demo\target\classes\com\example\demo\mapper\StaffMapper.class]
2021-05-31 20:22:19.838 [main] DEBUG org.mybatis.spring.mapper.ClassPathMapperScanner - Creating MapperFactoryBean with name 'productMapper' and 'com.example.demo.mapper.ProductMapper' mapperInterface
2021-05-31 20:22:19.838 [main] DEBUG org.mybatis.spring.mapper.ClassPathMapperScanner - Enabling autowire by type for MapperFactoryBean with name 'productMapper'.
2021-05-31 20:22:19.839 [main] DEBUG org.mybatis.spring.mapper.ClassPathMapperScanner - Creating MapperFactoryBean with name 'staffMapper' and 'com.example.demo.mapper.StaffMapper' mapperInterface
2021-05-31 20:22:19.839 [main] DEBUG org.mybatis.spring.mapper.ClassPathMapperScanner - Enabling autowire by type for MapperFactoryBean with name 'staffMapper'.
2021-05-31 20:23:50.235 [http-nio-8080-exec-3] DEBUG org.mybatis.spring.SqlSessionUtils - Creating a new SqlSession
2021-05-31 20:23:50.246 [http-nio-8080-exec-3] DEBUG org.mybatis.spring.SqlSessionUtils - SqlSession [org.apache.ibatis.session.defaults.DefaultSqlSession@3018ba3c] was not registered for synchronization because synchronization is not active
2021-05-31 20:23:50.394 [http-nio-8080-exec-3] DEBUG o.m.spring.transaction.SpringManagedTransaction - JDBC Connection [com.alibaba.druid.proxy.jdbc.ConnectionProxyImpl@7c2904f3] will not be managed by Spring
2021-05-31 20:23:50.589 [http-nio-8080-exec-3] DEBUG org.mybatis.spring.SqlSessionUtils - Closing non transactional SqlSession [org.apache.ibatis.session.defaults.DefaultSqlSession@3018ba3c]
2021-05-31 20:23:50.589 [http-nio-8080-exec-3] DEBUG org.mybatis.spring.SqlSessionUtils - Creating a new SqlSession
2021-05-31 20:23:50.590 [http-nio-8080-exec-3] DEBUG org.mybatis.spring.SqlSessionUtils - SqlSession [org.apache.ibatis.session.defaults.DefaultSqlSession@1f4b9bcc] was not registered for synchronization because synchronization is not active
2021-05-31 20:23:50.591 [http-nio-8080-exec-3] DEBUG o.m.spring.transaction.SpringManagedTransaction - JDBC Connection [com.alibaba.druid.proxy.jdbc.ConnectionProxyImpl@7c2904f3] will not be managed by Spring
2021-05-31 20:23:50.604 [http-nio-8080-exec-3] DEBUG org.mybatis.spring.SqlSessionUtils - Closing non transactional SqlSession [org.apache.ibatis.session.defaults.DefaultSqlSession@1f4b9bcc]
2021-05-31 20:30:41.766 [main] DEBUG org.mybatis.spring.mapper.ClassPathMapperScanner - Identified candidate component class: file [E:\Documents\cpt204\demo\target\classes\com\example\demo\mapper\ProductMapper.class]
2021-05-31 20:30:41.766 [main] DEBUG org.mybatis.spring.mapper.ClassPathMapperScanner - Identified candidate component class: file [E:\Documents\cpt204\demo\target\classes\com\example\demo\mapper\StaffMapper.class]
2021-05-31 20:30:41.769 [main] DEBUG org.mybatis.spring.mapper.ClassPathMapperScanner - Creating MapperFactoryBean with name 'productMapper' and 'com.example.demo.mapper.ProductMapper' mapperInterface
2021-05-31 20:30:41.770 [main] DEBUG org.mybatis.spring.mapper.ClassPathMapperScanner - Enabling autowire by type for MapperFactoryBean with name 'productMapper'.
2021-05-31 20:30:41.771 [main] DEBUG org.mybatis.spring.mapper.ClassPathMapperScanner - Creating MapperFactoryBean with name 'staffMapper' and 'com.example.demo.mapper.StaffMapper' mapperInterface
2021-05-31 20:30:41.771 [main] DEBUG org.mybatis.spring.mapper.ClassPathMapperScanner - Enabling autowire by type for MapperFactoryBean with name 'staffMapper'.
2021-05-31 20:32:07.243 [main] DEBUG org.mybatis.spring.mapper.ClassPathMapperScanner - Identified candidate component class: file [E:\Documents\cpt204\demo\target\classes\com\example\demo\mapper\ProductMapper.class]
2021-05-31 20:32:07.244 [main] DEBUG org.mybatis.spring.mapper.ClassPathMapperScanner - Identified candidate component class: file [E:\Documents\cpt204\demo\target\classes\com\example\demo\mapper\StaffMapper.class]
2021-05-31 20:32:07.245 [main] DEBUG org.mybatis.spring.mapper.ClassPathMapperScanner - Creating MapperFactoryBean with name 'productMapper' and 'com.example.demo.mapper.ProductMapper' mapperInterface
2021-05-31 20:32:07.246 [main] DEBUG org.mybatis.spring.mapper.ClassPathMapperScanner - Enabling autowire by type for MapperFactoryBean with name 'productMapper'.
2021-05-31 20:32:07.246 [main] DEBUG org.mybatis.spring.mapper.ClassPathMapperScanner - Creating MapperFactoryBean with name 'staffMapper' and 'com.example.demo.mapper.StaffMapper' mapperInterface
2021-05-31 20:32:07.246 [main] DEBUG org.mybatis.spring.mapper.ClassPathMapperScanner - Enabling autowire by type for MapperFactoryBean with name 'staffMapper'.
2021-05-31 20:32:26.502 [http-nio-8080-exec-2] DEBUG org.mybatis.spring.SqlSessionUtils - Creating a new SqlSession
2021-05-31 20:32:26.510 [http-nio-8080-exec-2] DEBUG org.mybatis.spring.SqlSessionUtils - SqlSession [org.apache.ibatis.session.defaults.DefaultSqlSession@22fbae7e] was not registered for synchronization because synchronization is not active
2021-05-31 20:32:26.521 [http-nio-8080-exec-2] DEBUG o.m.spring.transaction.SpringManagedTransaction - JDBC Connection [com.alibaba.druid.proxy.jdbc.ConnectionProxyImpl@3ddcdd3f] will not be managed by Spring
2021-05-31 20:32:26.723 [http-nio-8080-exec-2] DEBUG org.mybatis.spring.SqlSessionUtils - Closing non transactional SqlSession [org.apache.ibatis.session.defaults.DefaultSqlSession@22fbae7e]
2021-05-31 20:35:48.911 [main] DEBUG org.mybatis.spring.mapper.ClassPathMapperScanner - Identified candidate component class: file [E:\Documents\cpt204\demo\target\classes\com\example\demo\mapper\ProductMapper.class]
2021-05-31 20:35:48.911 [main] DEBUG org.mybatis.spring.mapper.ClassPathMapperScanner - Identified candidate component class: file [E:\Documents\cpt204\demo\target\classes\com\example\demo\mapper\StaffMapper.class]
2021-05-31 20:35:48.913 [main] DEBUG org.mybatis.spring.mapper.ClassPathMapperScanner - Creating MapperFactoryBean with name 'productMapper' and 'com.example.demo.mapper.ProductMapper' mapperInterface
2021-05-31 20:35:48.913 [main] DEBUG org.mybatis.spring.mapper.ClassPathMapperScanner - Enabling autowire by type for MapperFactoryBean with name 'productMapper'.
2021-05-31 20:35:48.914 [main] DEBUG org.mybatis.spring.mapper.ClassPathMapperScanner - Creating MapperFactoryBean with name 'staffMapper' and 'com.example.demo.mapper.StaffMapper' mapperInterface
2021-05-31 20:35:48.914 [main] DEBUG org.mybatis.spring.mapper.ClassPathMapperScanner - Enabling autowire by type for MapperFactoryBean with name 'staffMapper'.
2021-05-31 20:36:41.507 [http-nio-8080-exec-2] DEBUG org.mybatis.spring.SqlSessionUtils - Creating a new SqlSession
2021-05-31 20:36:41.517 [http-nio-8080-exec-2] DEBUG org.mybatis.spring.SqlSessionUtils - SqlSession [org.apache.ibatis.session.defaults.DefaultSqlSession@531ce176] was not registered for synchronization because synchronization is not active
2021-05-31 20:36:41.575 [http-nio-8080-exec-2] DEBUG o.m.spring.transaction.SpringManagedTransaction - JDBC Connection [com.alibaba.druid.proxy.jdbc.ConnectionProxyImpl@7dfdbb5b] will not be managed by Spring
2021-05-31 20:36:41.785 [http-nio-8080-exec-2] DEBUG org.mybatis.spring.SqlSessionUtils - Closing non transactional SqlSession [org.apache.ibatis.session.defaults.DefaultSqlSession@531ce176]
2021-05-31 20:36:41.786 [http-nio-8080-exec-2] DEBUG org.mybatis.spring.SqlSessionUtils - Creating a new SqlSession
2021-05-31 20:36:41.786 [http-nio-8080-exec-2] DEBUG org.mybatis.spring.SqlSessionUtils - SqlSession [org.apache.ibatis.session.defaults.DefaultSqlSession@b43ecaa] was not registered for synchronization because synchronization is not active
2021-05-31 20:36:41.787 [http-nio-8080-exec-2] DEBUG o.m.spring.transaction.SpringManagedTransaction - JDBC Connection [com.alibaba.druid.proxy.jdbc.ConnectionProxyImpl@7dfdbb5b] will not be managed by Spring
2021-05-31 20:36:41.805 [http-nio-8080-exec-2] DEBUG org.mybatis.spring.SqlSessionUtils - Closing non transactional SqlSession [org.apache.ibatis.session.defaults.DefaultSqlSession@b43ecaa]
2021-05-31 20:36:41.822 [http-nio-8080-exec-2] DEBUG org.mybatis.spring.SqlSessionUtils - Creating a new SqlSession
2021-05-31 20:36:41.822 [http-nio-8080-exec-2] DEBUG org.mybatis.spring.SqlSessionUtils - SqlSession [org.apache.ibatis.session.defaults.DefaultSqlSession@78514cbf] was not registered for synchronization because synchronization is not active
2021-05-31 20:36:41.824 [http-nio-8080-exec-2] DEBUG o.m.spring.transaction.SpringManagedTransaction - JDBC Connection [com.alibaba.druid.proxy.jdbc.ConnectionProxyImpl@7dfdbb5b] will not be managed by Spring
2021-05-31 20:36:41.853 [http-nio-8080-exec-2] DEBUG org.mybatis.spring.SqlSessionUtils - Closing non transactional SqlSession [org.apache.ibatis.session.defaults.DefaultSqlSession@78514cbf]
2021-05-31 20:36:53.409 [http-nio-8080-exec-4] DEBUG org.mybatis.spring.SqlSessionUtils - Creating a new SqlSession
2021-05-31 20:36:53.409 [http-nio-8080-exec-4] DEBUG org.mybatis.spring.SqlSessionUtils - SqlSession [org.apache.ibatis.session.defaults.DefaultSqlSession@65749fd] was not registered for synchronization because synchronization is not active
2021-05-31 20:36:53.409 [http-nio-8080-exec-4] DEBUG o.m.spring.transaction.SpringManagedTransaction - JDBC Connection [com.alibaba.druid.proxy.jdbc.ConnectionProxyImpl@7dfdbb5b] will not be managed by Spring
2021-05-31 20:36:53.426 [http-nio-8080-exec-4] DEBUG org.mybatis.spring.SqlSessionUtils - Closing non transactional SqlSession [org.apache.ibatis.session.defaults.DefaultSqlSession@65749fd]
2021-05-31 20:37:00.297 [http-nio-8080-exec-6] DEBUG org.mybatis.spring.SqlSessionUtils - Creating a new SqlSession
2021-05-31 20:37:00.297 [http-nio-8080-exec-6] DEBUG org.mybatis.spring.SqlSessionUtils - SqlSession [org.apache.ibatis.session.defaults.DefaultSqlSession@5d06ee0c] was not registered for synchronization because synchronization is not active
2021-05-31 20:37:00.299 [http-nio-8080-exec-6] DEBUG o.m.spring.transaction.SpringManagedTransaction - JDBC Connection [com.alibaba.druid.proxy.jdbc.ConnectionProxyImpl@7dfdbb5b] will not be managed by Spring
2021-05-31 20:37:00.312 [http-nio-8080-exec-6] DEBUG org.mybatis.spring.SqlSessionUtils - Closing non transactional SqlSession [org.apache.ibatis.session.defaults.DefaultSqlSession@5d06ee0c]
2021-05-31 20:37:26.155 [http-nio-8080-exec-5] DEBUG org.mybatis.spring.SqlSessionUtils - Creating a new SqlSession
2021-05-31 20:37:26.156 [http-nio-8080-exec-5] DEBUG org.mybatis.spring.SqlSessionUtils - SqlSession [org.apache.ibatis.session.defaults.DefaultSqlSession@21aed1d1] was not registered for synchronization because synchronization is not active
2021-05-31 20:37:26.157 [http-nio-8080-exec-5] DEBUG o.m.spring.transaction.SpringManagedTransaction - JDBC Connection [com.alibaba.druid.proxy.jdbc.ConnectionProxyImpl@7dfdbb5b] will not be managed by Spring
2021-05-31 20:37:26.174 [http-nio-8080-exec-5] DEBUG org.mybatis.spring.SqlSessionUtils - Closing non transactional SqlSession [org.apache.ibatis.session.defaults.DefaultSqlSession@21aed1d1]
2021-05-31 20:37:26.175 [http-nio-8080-exec-5] DEBUG org.mybatis.spring.SqlSessionUtils - Creating a new SqlSession
2021-05-31 20:37:26.176 [http-nio-8080-exec-5] DEBUG org.mybatis.spring.SqlSessionUtils - SqlSession [org.apache.ibatis.session.defaults.DefaultSqlSession@681f8a70] was not registered for synchronization because synchronization is not active
2021-05-31 20:37:26.176 [http-nio-8080-exec-5] DEBUG o.m.spring.transaction.SpringManagedTransaction - JDBC Connection [com.alibaba.druid.proxy.jdbc.ConnectionProxyImpl@7dfdbb5b] will not be managed by Spring
2021-05-31 20:37:26.201 [http-nio-8080-exec-5] DEBUG org.mybatis.spring.SqlSessionUtils - Closing non transactional SqlSession [org.apache.ibatis.session.defaults.DefaultSqlSession@681f8a70]
2021-05-31 20:37:35.578 [http-nio-8080-exec-4] DEBUG org.mybatis.spring.SqlSessionUtils - Creating a new SqlSession
2021-05-31 20:37:35.580 [http-nio-8080-exec-4] DEBUG org.mybatis.spring.SqlSessionUtils - SqlSession [org.apache.ibatis.session.defaults.DefaultSqlSession@21baee62] was not registered for synchronization because synchronization is not active
2021-05-31 20:37:35.581 [http-nio-8080-exec-4] DEBUG o.m.spring.transaction.SpringManagedTransaction - JDBC Connection [com.alibaba.druid.proxy.jdbc.ConnectionProxyImpl@7dfdbb5b] will not be managed by Spring
2021-05-31 20:37:35.595 [http-nio-8080-exec-4] DEBUG org.mybatis.spring.SqlSessionUtils - Closing non transactional SqlSession [org.apache.ibatis.session.defaults.DefaultSqlSession@21baee62]
2021-05-31 20:37:35.595 [http-nio-8080-exec-4] DEBUG org.mybatis.spring.SqlSessionUtils - Creating a new SqlSession
2021-05-31 20:37:35.595 [http-nio-8080-exec-4] DEBUG org.mybatis.spring.SqlSessionUtils - SqlSession [org.apache.ibatis.session.defaults.DefaultSqlSession@6da27c02] was not registered for synchronization because synchronization is not active
2021-05-31 20:37:35.597 [http-nio-8080-exec-4] DEBUG o.m.spring.transaction.SpringManagedTransaction - JDBC Connection [com.alibaba.druid.proxy.jdbc.ConnectionProxyImpl@7dfdbb5b] will not be managed by Spring
2021-05-31 20:37:35.612 [http-nio-8080-exec-4] DEBUG org.mybatis.spring.SqlSessionUtils - Closing non transactional SqlSession [org.apache.ibatis.session.defaults.DefaultSqlSession@6da27c02]
